[GIN-VUE-ADMIN]2021/06/16 - 21:42:22.607	[34minfo[0m	D:/java/Go/GoProject/innovation/initialize/gorm.go:66	register table success
[GIN-VUE-ADMIN]2021/06/16 - 21:42:22.692	[34minfo[0m	D:/java/Go/GoProject/innovation/initialize/router.go:21	use middleware logger
[GIN-VUE-ADMIN]2021/06/16 - 21:42:22.692	[34minfo[0m	D:/java/Go/GoProject/innovation/initialize/router.go:24	use middleware cors
[GIN-VUE-ADMIN]2021/06/16 - 21:42:22.692	[34minfo[0m	D:/java/Go/GoProject/innovation/initialize/router.go:26	register swagger handler
[GIN-VUE-ADMIN]2021/06/16 - 21:42:22.693	[34minfo[0m	D:/java/Go/GoProject/innovation/initialize/router.go:57	router register success
[GIN-VUE-ADMIN]2021/06/16 - 21:42:22.694	[34minfo[0m	D:/java/Go/GoProject/innovation/core/server.go:29	server run success on 	{"address": ":8888"}
[GIN-VUE-ADMIN]2021/06/16 - 21:42:48.648	[34minfo[0m	D:/java/Go/GoProject/innovation/api/sys_initdb.go:46	æ•°æ®åº“æ— éœ€åˆå§‹åŒ–
[GIN-VUE-ADMIN]2021/06/16 - 21:42:56.092	[34minfo[0m	D:/java/Go/GoProject/innovation/api/sys_initdb.go:46	æ•°æ®åº“æ— éœ€åˆå§‹åŒ–
[GIN-VUE-ADMIN]2021/06/16 - 21:43:26.135	[34minfo[0m	D:/java/Go/GoProject/innovation/api/sys_initdb.go:46	æ•°æ®åº“æ— éœ€åˆå§‹åŒ–
[GIN-VUE-ADMIN]2021/06/16 - 21:43:26.958	[34minfo[0m	D:/java/Go/GoProject/innovation/api/sys_initdb.go:46	æ•°æ®åº“æ— éœ€åˆå§‹åŒ–
[GIN-VUE-ADMIN]2021/06/16 - 21:43:48.819	[34minfo[0m	D:/java/Go/GoProject/innovation/api/sys_initdb.go:46	æ•°æ®åº“æ— éœ€åˆå§‹åŒ–
[GIN-VUE-ADMIN]2021/06/16 - 21:47:11.462	[34minfo[0m	D:/java/Go/GoProject/innovation/initialize/gorm.go:66	register table success
[GIN-VUE-ADMIN]2021/06/16 - 21:47:11.503	[34minfo[0m	D:/java/Go/GoProject/innovation/initialize/router.go:21	use middleware logger
[GIN-VUE-ADMIN]2021/06/16 - 21:47:11.503	[34minfo[0m	D:/java/Go/GoProject/innovation/initialize/router.go:24	use middleware cors
[GIN-VUE-ADMIN]2021/06/16 - 21:47:11.503	[34minfo[0m	D:/java/Go/GoProject/innovation/initialize/router.go:26	register swagger handler
[GIN-VUE-ADMIN]2021/06/16 - 21:47:11.504	[34minfo[0m	D:/java/Go/GoProject/innovation/initialize/router.go:57	router register success
[GIN-VUE-ADMIN]2021/06/16 - 21:47:11.505	[34minfo[0m	D:/java/Go/GoProject/innovation/core/server.go:29	server run success on 	{"address": ":8888"}
[GIN-VUE-ADMIN]2021/06/16 - 21:47:21.504	[34minfo[0m	D:/java/Go/GoProject/innovation/api/sys_initdb.go:46	æ•°æ®åº“æ— éœ€åˆå§‹åŒ–
[GIN-VUE-ADMIN]2021/06/16 - 21:53:03.269	[34minfo[0m	D:/java/Go/GoProject/innovation/initialize/gorm.go:66	register table success
[GIN-VUE-ADMIN]2021/06/16 - 21:53:03.271	[34minfo[0m	D:/java/Go/GoProject/innovation/initialize/router.go:21	use middleware logger
[GIN-VUE-ADMIN]2021/06/16 - 21:53:03.271	[34minfo[0m	D:/java/Go/GoProject/innovation/initialize/router.go:24	use middleware cors
[GIN-VUE-ADMIN]2021/06/16 - 21:53:03.271	[34minfo[0m	D:/java/Go/GoProject/innovation/initialize/router.go:26	register swagger handler
[GIN-VUE-ADMIN]2021/06/16 - 21:53:03.272	[34minfo[0m	D:/java/Go/GoProject/innovation/initialize/router.go:57	router register success
[GIN-VUE-ADMIN]2021/06/16 - 21:53:03.273	[34minfo[0m	D:/java/Go/GoProject/innovation/core/server.go:29	server run success on 	{"address": ":8888"}
[GIN-VUE-ADMIN]2021/06/16 - 21:56:52.164	[34minfo[0m	D:/java/Go/GoProject/innovation/api/sys_initdb.go:46	æ•°æ®åº“æ— éœ€åˆå§‹åŒ–
[GIN-VUE-ADMIN]2021/06/16 - 21:57:50.246	[34minfo[0m	D:/java/Go/GoProject/innovation/api/sys_initdb.go:46	æ•°æ®åº“æ— éœ€åˆå§‹åŒ–
[GIN-VUE-ADMIN]2021/06/16 - 21:59:15.777	[34minfo[0m	D:/java/Go/GoProject/innovation/initialize/gorm.go:66	register table success
[GIN-VUE-ADMIN]2021/06/16 - 21:59:15.779	[34minfo[0m	D:/java/Go/GoProject/innovation/initialize/router.go:21	use middleware logger
[GIN-VUE-ADMIN]2021/06/16 - 21:59:15.780	[34minfo[0m	D:/java/Go/GoProject/innovation/initialize/router.go:24	use middleware cors
[GIN-VUE-ADMIN]2021/06/16 - 21:59:15.780	[34minfo[0m	D:/java/Go/GoProject/innovation/initialize/router.go:26	register swagger handler
[GIN-VUE-ADMIN]2021/06/16 - 21:59:15.781	[34minfo[0m	D:/java/Go/GoProject/innovation/initialize/router.go:57	router register success
[GIN-VUE-ADMIN]2021/06/16 - 21:59:15.816	[34minfo[0m	D:/java/Go/GoProject/innovation/core/server.go:29	server run success on 	{"address": ":8888"}
[GIN-VUE-ADMIN]2021/06/16 - 21:59:24.092	[34minfo[0m	D:/java/Go/GoProject/innovation/api/sys_initdb.go:46	æ•°æ®åº“æ— éœ€åˆå§‹åŒ–
[GIN-VUE-ADMIN]2021/06/16 - 21:59:58.541	[34minfo[0m	D:/java/Go/GoProject/innovation/api/sys_initdb.go:46	æ•°æ®åº“æ— éœ€åˆå§‹åŒ–
